[2024-03-06T02:27:07.235+0000] {taskinstance.py:1979} INFO - Dependencies all met for dep_context=non-requeueable deps ti=<TaskInstance: extract_api.extract_data manual__2024-03-06T02:26:41.400571+00:00 [queued]>
[2024-03-06T02:27:07.242+0000] {taskinstance.py:1979} INFO - Dependencies all met for dep_context=requeueable deps ti=<TaskInstance: extract_api.extract_data manual__2024-03-06T02:26:41.400571+00:00 [queued]>
[2024-03-06T02:27:07.242+0000] {taskinstance.py:2193} INFO - Starting attempt 1 of 1
[2024-03-06T02:27:07.254+0000] {taskinstance.py:2214} INFO - Executing <Task(PythonOperator): extract_data> on 2024-03-06 02:26:41.400571+00:00
[2024-03-06T02:27:07.259+0000] {standard_task_runner.py:60} INFO - Started process 352 to run task
[2024-03-06T02:27:07.262+0000] {standard_task_runner.py:87} INFO - Running: ['***', 'tasks', 'run', 'extract_api', 'extract_data', 'manual__2024-03-06T02:26:41.400571+00:00', '--job-id', '78', '--raw', '--subdir', 'DAGS_FOLDER/bix_dag.py', '--cfg-path', '/tmp/tmpx9vjph7h']
[2024-03-06T02:27:07.263+0000] {standard_task_runner.py:88} INFO - Job 78: Subtask extract_data
[2024-03-06T02:27:07.305+0000] {task_command.py:423} INFO - Running <TaskInstance: extract_api.extract_data manual__2024-03-06T02:26:41.400571+00:00 [running]> on host 474cfb7f4723
[2024-03-06T02:27:07.370+0000] {taskinstance.py:2510} INFO - Exporting env vars: AIRFLOW_CTX_DAG_OWNER='***' AIRFLOW_CTX_DAG_ID='extract_api' AIRFLOW_CTX_TASK_ID='extract_data' AIRFLOW_CTX_EXECUTION_DATE='2024-03-06T02:26:41.400571+00:00' AIRFLOW_CTX_TRY_NUMBER='1' AIRFLOW_CTX_DAG_RUN_ID='manual__2024-03-06T02:26:41.400571+00:00'
[2024-03-06T02:27:07.374+0000] {python.py:202} INFO - Done. Returned value was:   id  nome_funcionario
0  9       Rob Carsson
1  9       Eli Preston
2  9      Tom Lindwall
3  9        Leif Shine
4  9    Ingrid Hendrix
5  9  Lennart Skoglund
6  9      Rock Rollman
7  9      Helen Brolin
8  9      Joan Callins
[2024-03-06T02:27:07.414+0000] {taskinstance.py:1149} INFO - Marking task as SUCCESS. dag_id=extract_api, task_id=extract_data, execution_date=20240306T022641, start_date=20240306T022707, end_date=20240306T022707
[2024-03-06T02:27:07.435+0000] {local_task_job_runner.py:234} INFO - Task exited with return code 0
[2024-03-06T02:27:07.450+0000] {taskinstance.py:3309} INFO - 0 downstream tasks scheduled from follow-on schedule check
