[2024-03-05T02:27:57.318+0000] {taskinstance.py:1979} INFO - Dependencies all met for dep_context=non-requeueable deps ti=<TaskInstance: extract_api.extract_data manual__2024-03-05T02:27:35.864916+00:00 [queued]>
[2024-03-05T02:27:57.327+0000] {taskinstance.py:1979} INFO - Dependencies all met for dep_context=requeueable deps ti=<TaskInstance: extract_api.extract_data manual__2024-03-05T02:27:35.864916+00:00 [queued]>
[2024-03-05T02:27:57.328+0000] {taskinstance.py:2193} INFO - Starting attempt 1 of 1
[2024-03-05T02:27:57.342+0000] {taskinstance.py:2214} INFO - Executing <Task(PythonOperator): extract_data> on 2024-03-05 02:27:35.864916+00:00
[2024-03-05T02:27:57.349+0000] {standard_task_runner.py:60} INFO - Started process 158 to run task
[2024-03-05T02:27:57.351+0000] {standard_task_runner.py:87} INFO - Running: ['***', 'tasks', 'run', 'extract_api', 'extract_data', 'manual__2024-03-05T02:27:35.864916+00:00', '--job-id', '54', '--raw', '--subdir', 'DAGS_FOLDER/from_bard.py', '--cfg-path', '/tmp/tmpwmxrhs7l']
[2024-03-05T02:27:57.352+0000] {standard_task_runner.py:88} INFO - Job 54: Subtask extract_data
[2024-03-05T02:27:57.402+0000] {task_command.py:423} INFO - Running <TaskInstance: extract_api.extract_data manual__2024-03-05T02:27:35.864916+00:00 [running]> on host 474cfb7f4723
[2024-03-05T02:27:57.479+0000] {taskinstance.py:2510} INFO - Exporting env vars: AIRFLOW_CTX_DAG_OWNER='***' AIRFLOW_CTX_DAG_ID='extract_api' AIRFLOW_CTX_TASK_ID='extract_data' AIRFLOW_CTX_EXECUTION_DATE='2024-03-05T02:27:35.864916+00:00' AIRFLOW_CTX_TRY_NUMBER='1' AIRFLOW_CTX_DAG_RUN_ID='manual__2024-03-05T02:27:35.864916+00:00'
[2024-03-05T02:27:57.483+0000] {python.py:202} INFO - Done. Returned value was:                   0
0       Rob Carsson
1       Eli Preston
2      Tom Lindwall
3        Leif Shine
4    Ingrid Hendrix
5  Lennart Skoglund
6      Rock Rollman
7      Helen Brolin
8      Joan Callins
[2024-03-05T02:27:57.523+0000] {taskinstance.py:1149} INFO - Marking task as SUCCESS. dag_id=extract_api, task_id=extract_data, execution_date=20240305T022735, start_date=20240305T022757, end_date=20240305T022757
[2024-03-05T02:27:57.564+0000] {local_task_job_runner.py:234} INFO - Task exited with return code 0
[2024-03-05T02:27:57.584+0000] {taskinstance.py:3309} INFO - 1 downstream tasks scheduled from follow-on schedule check
