[2024-03-05T02:22:02.951+0000] {taskinstance.py:1979} INFO - Dependencies all met for dep_context=non-requeueable deps ti=<TaskInstance: extract_api.extract_data scheduled__2024-03-04T00:00:00+00:00 [queued]>
[2024-03-05T02:22:02.959+0000] {taskinstance.py:1979} INFO - Dependencies all met for dep_context=requeueable deps ti=<TaskInstance: extract_api.extract_data scheduled__2024-03-04T00:00:00+00:00 [queued]>
[2024-03-05T02:22:02.959+0000] {taskinstance.py:2193} INFO - Starting attempt 1 of 1
[2024-03-05T02:22:02.973+0000] {taskinstance.py:2214} INFO - Executing <Task(PythonOperator): extract_data> on 2024-03-04 00:00:00+00:00
[2024-03-05T02:22:02.978+0000] {standard_task_runner.py:60} INFO - Started process 61 to run task
[2024-03-05T02:22:02.980+0000] {standard_task_runner.py:87} INFO - Running: ['***', 'tasks', 'run', 'extract_api', 'extract_data', 'scheduled__2024-03-04T00:00:00+00:00', '--job-id', '50', '--raw', '--subdir', 'DAGS_FOLDER/from_bard.py', '--cfg-path', '/tmp/tmpgh4yrcjy']
[2024-03-05T02:22:02.982+0000] {standard_task_runner.py:88} INFO - Job 50: Subtask extract_data
[2024-03-05T02:22:03.024+0000] {task_command.py:423} INFO - Running <TaskInstance: extract_api.extract_data scheduled__2024-03-04T00:00:00+00:00 [running]> on host 474cfb7f4723
[2024-03-05T02:22:03.091+0000] {taskinstance.py:2510} INFO - Exporting env vars: AIRFLOW_CTX_DAG_OWNER='***' AIRFLOW_CTX_DAG_ID='extract_api' AIRFLOW_CTX_TASK_ID='extract_data' AIRFLOW_CTX_EXECUTION_DATE='2024-03-04T00:00:00+00:00' AIRFLOW_CTX_TRY_NUMBER='1' AIRFLOW_CTX_DAG_RUN_ID='scheduled__2024-03-04T00:00:00+00:00'
[2024-03-05T02:22:03.099+0000] {python.py:202} INFO - Done. Returned value was:                   0
0       Rob Carsson
1       Eli Preston
2      Tom Lindwall
3        Leif Shine
4    Ingrid Hendrix
5  Lennart Skoglund
6      Rock Rollman
7      Helen Brolin
8      Joan Callins
[2024-03-05T02:22:03.173+0000] {taskinstance.py:1149} INFO - Marking task as SUCCESS. dag_id=extract_api, task_id=extract_data, execution_date=20240304T000000, start_date=20240305T022202, end_date=20240305T022203
[2024-03-05T02:22:03.194+0000] {local_task_job_runner.py:234} INFO - Task exited with return code 0
[2024-03-05T02:22:03.212+0000] {taskinstance.py:3309} INFO - 1 downstream tasks scheduled from follow-on schedule check
