[2024-03-06T03:19:39.940+0000] {taskinstance.py:1979} INFO - Dependencies all met for dep_context=non-requeueable deps ti=<TaskInstance: extract_api.extract_data manual__2024-03-06T03:19:18.534548+00:00 [queued]>
[2024-03-06T03:19:39.948+0000] {taskinstance.py:1979} INFO - Dependencies all met for dep_context=requeueable deps ti=<TaskInstance: extract_api.extract_data manual__2024-03-06T03:19:18.534548+00:00 [queued]>
[2024-03-06T03:19:39.949+0000] {taskinstance.py:2193} INFO - Starting attempt 1 of 1
[2024-03-06T03:19:39.961+0000] {taskinstance.py:2214} INFO - Executing <Task(PythonOperator): extract_data> on 2024-03-06 03:19:18.534548+00:00
[2024-03-06T03:19:39.968+0000] {standard_task_runner.py:60} INFO - Started process 1121 to run task
[2024-03-06T03:19:39.970+0000] {standard_task_runner.py:87} INFO - Running: ['***', 'tasks', 'run', 'extract_api', 'extract_data', 'manual__2024-03-06T03:19:18.534548+00:00', '--job-id', '94', '--raw', '--subdir', 'DAGS_FOLDER/bix_dag.py', '--cfg-path', '/tmp/tmpj8ucuj2m']
[2024-03-06T03:19:39.971+0000] {standard_task_runner.py:88} INFO - Job 94: Subtask extract_data
[2024-03-06T03:19:40.015+0000] {task_command.py:423} INFO - Running <TaskInstance: extract_api.extract_data manual__2024-03-06T03:19:18.534548+00:00 [running]> on host 474cfb7f4723
[2024-03-06T03:19:40.084+0000] {taskinstance.py:2510} INFO - Exporting env vars: AIRFLOW_CTX_DAG_OWNER='***' AIRFLOW_CTX_DAG_ID='extract_api' AIRFLOW_CTX_TASK_ID='extract_data' AIRFLOW_CTX_EXECUTION_DATE='2024-03-06T03:19:18.534548+00:00' AIRFLOW_CTX_TRY_NUMBER='1' AIRFLOW_CTX_DAG_RUN_ID='manual__2024-03-06T03:19:18.534548+00:00'
[2024-03-06T03:19:40.089+0000] {python.py:202} INFO - Done. Returned value was:                   0
0       Rob Carsson
1       Eli Preston
2      Tom Lindwall
3        Leif Shine
4    Ingrid Hendrix
5  Lennart Skoglund
6      Rock Rollman
7      Helen Brolin
8      Joan Callins
[2024-03-06T03:19:40.127+0000] {taskinstance.py:1149} INFO - Marking task as SUCCESS. dag_id=extract_api, task_id=extract_data, execution_date=20240306T031918, start_date=20240306T031939, end_date=20240306T031940
[2024-03-06T03:19:40.183+0000] {local_task_job_runner.py:234} INFO - Task exited with return code 0
[2024-03-06T03:19:40.203+0000] {taskinstance.py:3309} INFO - 0 downstream tasks scheduled from follow-on schedule check
