[2024-03-03T20:55:53.698+0000] {processor.py:161} INFO - Started process (PID=599) to work on /opt/airflow/dags/welcome_dag.py
[2024-03-03T20:55:53.699+0000] {processor.py:830} INFO - Processing file /opt/airflow/dags/welcome_dag.py for tasks to queue
[2024-03-03T20:55:53.701+0000] {logging_mixin.py:188} INFO - [2024-03-03T20:55:53.700+0000] {dagbag.py:540} INFO - Filling up the DagBag from /opt/airflow/dags/welcome_dag.py
[2024-03-03T20:55:53.723+0000] {processor.py:840} INFO - DAG(s) 'welcome_dag' retrieved from /opt/airflow/dags/welcome_dag.py
[2024-03-03T20:55:53.796+0000] {logging_mixin.py:188} INFO - [2024-03-03T20:55:53.795+0000] {override.py:1769} INFO - Created Permission View: can edit on DAG:welcome_dag
[2024-03-03T20:55:53.804+0000] {logging_mixin.py:188} INFO - [2024-03-03T20:55:53.804+0000] {override.py:1769} INFO - Created Permission View: can delete on DAG:welcome_dag
[2024-03-03T20:55:53.812+0000] {logging_mixin.py:188} INFO - [2024-03-03T20:55:53.812+0000] {override.py:1769} INFO - Created Permission View: can read on DAG:welcome_dag
[2024-03-03T20:55:53.813+0000] {logging_mixin.py:188} INFO - [2024-03-03T20:55:53.812+0000] {dag.py:3047} INFO - Sync 1 DAGs
[2024-03-03T20:55:53.822+0000] {logging_mixin.py:188} INFO - [2024-03-03T20:55:53.822+0000] {dag.py:3069} INFO - Creating ORM DAG for welcome_dag
[2024-03-03T20:55:53.830+0000] {logging_mixin.py:188} INFO - [2024-03-03T20:55:53.830+0000] {dag.py:3834} INFO - Setting next_dagrun for welcome_dag to 2024-03-02 23:00:00+00:00, run_after=2024-03-03 23:00:00+00:00
[2024-03-03T20:55:53.848+0000] {processor.py:183} INFO - Processing /opt/airflow/dags/welcome_dag.py took 0.151 seconds
[2024-03-03T20:56:24.200+0000] {processor.py:161} INFO - Started process (PID=655) to work on /opt/airflow/dags/welcome_dag.py
[2024-03-03T20:56:24.201+0000] {processor.py:830} INFO - Processing file /opt/airflow/dags/welcome_dag.py for tasks to queue
[2024-03-03T20:56:24.203+0000] {logging_mixin.py:188} INFO - [2024-03-03T20:56:24.202+0000] {dagbag.py:540} INFO - Filling up the DagBag from /opt/airflow/dags/welcome_dag.py
[2024-03-03T20:56:24.219+0000] {processor.py:840} INFO - DAG(s) 'welcome_dag' retrieved from /opt/airflow/dags/welcome_dag.py
[2024-03-03T20:56:24.233+0000] {logging_mixin.py:188} INFO - [2024-03-03T20:56:24.233+0000] {dag.py:3047} INFO - Sync 1 DAGs
[2024-03-03T20:56:24.250+0000] {logging_mixin.py:188} INFO - [2024-03-03T20:56:24.249+0000] {dag.py:3834} INFO - Setting next_dagrun for welcome_dag to 2024-03-02 23:00:00+00:00, run_after=2024-03-03 23:00:00+00:00
[2024-03-03T20:56:24.274+0000] {processor.py:183} INFO - Processing /opt/airflow/dags/welcome_dag.py took 0.076 seconds
[2024-03-03T20:56:54.560+0000] {processor.py:161} INFO - Started process (PID=714) to work on /opt/airflow/dags/welcome_dag.py
[2024-03-03T20:56:54.560+0000] {processor.py:830} INFO - Processing file /opt/airflow/dags/welcome_dag.py for tasks to queue
[2024-03-03T20:56:54.562+0000] {logging_mixin.py:188} INFO - [2024-03-03T20:56:54.562+0000] {dagbag.py:540} INFO - Filling up the DagBag from /opt/airflow/dags/welcome_dag.py
[2024-03-03T20:56:54.578+0000] {processor.py:840} INFO - DAG(s) 'welcome_dag' retrieved from /opt/airflow/dags/welcome_dag.py
[2024-03-03T20:56:54.594+0000] {logging_mixin.py:188} INFO - [2024-03-03T20:56:54.593+0000] {dag.py:3047} INFO - Sync 1 DAGs
[2024-03-03T20:56:54.613+0000] {logging_mixin.py:188} INFO - [2024-03-03T20:56:54.612+0000] {dag.py:3834} INFO - Setting next_dagrun for welcome_dag to 2024-03-02 23:00:00+00:00, run_after=2024-03-03 23:00:00+00:00
[2024-03-03T20:56:54.631+0000] {processor.py:183} INFO - Processing /opt/airflow/dags/welcome_dag.py took 0.074 seconds
[2024-03-03T20:57:24.800+0000] {processor.py:161} INFO - Started process (PID=773) to work on /opt/airflow/dags/welcome_dag.py
[2024-03-03T20:57:24.801+0000] {processor.py:830} INFO - Processing file /opt/airflow/dags/welcome_dag.py for tasks to queue
[2024-03-03T20:57:24.803+0000] {logging_mixin.py:188} INFO - [2024-03-03T20:57:24.802+0000] {dagbag.py:540} INFO - Filling up the DagBag from /opt/airflow/dags/welcome_dag.py
[2024-03-03T20:57:24.822+0000] {processor.py:840} INFO - DAG(s) 'welcome_dag' retrieved from /opt/airflow/dags/welcome_dag.py
[2024-03-03T20:57:24.838+0000] {logging_mixin.py:188} INFO - [2024-03-03T20:57:24.837+0000] {dag.py:3047} INFO - Sync 1 DAGs
[2024-03-03T20:57:24.858+0000] {logging_mixin.py:188} INFO - [2024-03-03T20:57:24.857+0000] {dag.py:3834} INFO - Setting next_dagrun for welcome_dag to 2024-03-02 23:00:00+00:00, run_after=2024-03-03 23:00:00+00:00
[2024-03-03T20:57:24.877+0000] {processor.py:183} INFO - Processing /opt/airflow/dags/welcome_dag.py took 0.079 seconds
[2024-03-03T20:57:54.946+0000] {processor.py:161} INFO - Started process (PID=829) to work on /opt/airflow/dags/welcome_dag.py
[2024-03-03T20:57:54.947+0000] {processor.py:830} INFO - Processing file /opt/airflow/dags/welcome_dag.py for tasks to queue
[2024-03-03T20:57:54.948+0000] {logging_mixin.py:188} INFO - [2024-03-03T20:57:54.948+0000] {dagbag.py:540} INFO - Filling up the DagBag from /opt/airflow/dags/welcome_dag.py
[2024-03-03T20:57:54.963+0000] {processor.py:840} INFO - DAG(s) 'welcome_dag' retrieved from /opt/airflow/dags/welcome_dag.py
[2024-03-03T20:57:54.979+0000] {logging_mixin.py:188} INFO - [2024-03-03T20:57:54.978+0000] {dag.py:3047} INFO - Sync 1 DAGs
[2024-03-03T20:57:54.995+0000] {logging_mixin.py:188} INFO - [2024-03-03T20:57:54.995+0000] {dag.py:3834} INFO - Setting next_dagrun for welcome_dag to 2024-03-02 23:00:00+00:00, run_after=2024-03-03 23:00:00+00:00
[2024-03-03T20:57:55.011+0000] {processor.py:183} INFO - Processing /opt/airflow/dags/welcome_dag.py took 0.067 seconds
[2024-03-03T20:58:25.455+0000] {processor.py:161} INFO - Started process (PID=888) to work on /opt/airflow/dags/welcome_dag.py
[2024-03-03T20:58:25.456+0000] {processor.py:830} INFO - Processing file /opt/airflow/dags/welcome_dag.py for tasks to queue
[2024-03-03T20:58:25.458+0000] {logging_mixin.py:188} INFO - [2024-03-03T20:58:25.458+0000] {dagbag.py:540} INFO - Filling up the DagBag from /opt/airflow/dags/welcome_dag.py
[2024-03-03T20:58:25.474+0000] {processor.py:840} INFO - DAG(s) 'welcome_dag' retrieved from /opt/airflow/dags/welcome_dag.py
[2024-03-03T20:58:25.488+0000] {logging_mixin.py:188} INFO - [2024-03-03T20:58:25.488+0000] {dag.py:3047} INFO - Sync 1 DAGs
[2024-03-03T20:58:25.505+0000] {logging_mixin.py:188} INFO - [2024-03-03T20:58:25.505+0000] {dag.py:3834} INFO - Setting next_dagrun for welcome_dag to 2024-03-02 23:00:00+00:00, run_after=2024-03-03 23:00:00+00:00
[2024-03-03T20:58:25.522+0000] {processor.py:183} INFO - Processing /opt/airflow/dags/welcome_dag.py took 0.069 seconds
[2024-03-03T20:58:55.562+0000] {processor.py:161} INFO - Started process (PID=947) to work on /opt/airflow/dags/welcome_dag.py
[2024-03-03T20:58:55.562+0000] {processor.py:830} INFO - Processing file /opt/airflow/dags/welcome_dag.py for tasks to queue
[2024-03-03T20:58:55.564+0000] {logging_mixin.py:188} INFO - [2024-03-03T20:58:55.564+0000] {dagbag.py:540} INFO - Filling up the DagBag from /opt/airflow/dags/welcome_dag.py
[2024-03-03T20:58:55.580+0000] {processor.py:840} INFO - DAG(s) 'welcome_dag' retrieved from /opt/airflow/dags/welcome_dag.py
[2024-03-03T20:58:55.596+0000] {logging_mixin.py:188} INFO - [2024-03-03T20:58:55.596+0000] {dag.py:3047} INFO - Sync 1 DAGs
[2024-03-03T20:58:55.613+0000] {logging_mixin.py:188} INFO - [2024-03-03T20:58:55.613+0000] {dag.py:3834} INFO - Setting next_dagrun for welcome_dag to 2024-03-02 23:00:00+00:00, run_after=2024-03-03 23:00:00+00:00
[2024-03-03T20:58:55.631+0000] {processor.py:183} INFO - Processing /opt/airflow/dags/welcome_dag.py took 0.071 seconds
[2024-03-03T21:01:20.481+0000] {processor.py:161} INFO - Started process (PID=34) to work on /opt/airflow/dags/welcome_dag.py
[2024-03-03T21:01:20.483+0000] {processor.py:830} INFO - Processing file /opt/airflow/dags/welcome_dag.py for tasks to queue
[2024-03-03T21:01:20.486+0000] {logging_mixin.py:188} INFO - [2024-03-03T21:01:20.485+0000] {dagbag.py:540} INFO - Filling up the DagBag from /opt/airflow/dags/welcome_dag.py
[2024-03-03T21:01:20.529+0000] {processor.py:840} INFO - DAG(s) 'welcome_dag' retrieved from /opt/airflow/dags/welcome_dag.py
[2024-03-03T21:01:20.797+0000] {logging_mixin.py:188} INFO - [2024-03-03T21:01:20.797+0000] {dag.py:3047} INFO - Sync 1 DAGs
[2024-03-03T21:01:20.816+0000] {logging_mixin.py:188} INFO - [2024-03-03T21:01:20.816+0000] {dag.py:3834} INFO - Setting next_dagrun for welcome_dag to 2024-03-02 23:00:00+00:00, run_after=2024-03-03 23:00:00+00:00
[2024-03-03T21:01:20.841+0000] {processor.py:183} INFO - Processing /opt/airflow/dags/welcome_dag.py took 0.363 seconds
[2024-03-03T21:01:51.030+0000] {processor.py:161} INFO - Started process (PID=93) to work on /opt/airflow/dags/welcome_dag.py
[2024-03-03T21:01:51.031+0000] {processor.py:830} INFO - Processing file /opt/airflow/dags/welcome_dag.py for tasks to queue
[2024-03-03T21:01:51.033+0000] {logging_mixin.py:188} INFO - [2024-03-03T21:01:51.033+0000] {dagbag.py:540} INFO - Filling up the DagBag from /opt/airflow/dags/welcome_dag.py
[2024-03-03T21:01:51.051+0000] {processor.py:840} INFO - DAG(s) 'welcome_dag' retrieved from /opt/airflow/dags/welcome_dag.py
[2024-03-03T21:01:51.065+0000] {logging_mixin.py:188} INFO - [2024-03-03T21:01:51.065+0000] {dag.py:3047} INFO - Sync 1 DAGs
[2024-03-03T21:01:51.083+0000] {logging_mixin.py:188} INFO - [2024-03-03T21:01:51.083+0000] {dag.py:3834} INFO - Setting next_dagrun for welcome_dag to 2024-03-02 23:00:00+00:00, run_after=2024-03-03 23:00:00+00:00
[2024-03-03T21:01:51.103+0000] {processor.py:183} INFO - Processing /opt/airflow/dags/welcome_dag.py took 0.075 seconds
[2024-03-03T21:02:21.958+0000] {processor.py:161} INFO - Started process (PID=152) to work on /opt/airflow/dags/welcome_dag.py
[2024-03-03T21:02:21.959+0000] {processor.py:830} INFO - Processing file /opt/airflow/dags/welcome_dag.py for tasks to queue
[2024-03-03T21:02:21.962+0000] {logging_mixin.py:188} INFO - [2024-03-03T21:02:21.961+0000] {dagbag.py:540} INFO - Filling up the DagBag from /opt/airflow/dags/welcome_dag.py
[2024-03-03T21:02:21.980+0000] {processor.py:840} INFO - DAG(s) 'welcome_dag' retrieved from /opt/airflow/dags/welcome_dag.py
[2024-03-03T21:02:21.996+0000] {logging_mixin.py:188} INFO - [2024-03-03T21:02:21.995+0000] {dag.py:3047} INFO - Sync 1 DAGs
[2024-03-03T21:02:22.014+0000] {logging_mixin.py:188} INFO - [2024-03-03T21:02:22.014+0000] {dag.py:3834} INFO - Setting next_dagrun for welcome_dag to 2024-03-02 23:00:00+00:00, run_after=2024-03-03 23:00:00+00:00
[2024-03-03T21:02:22.035+0000] {processor.py:183} INFO - Processing /opt/airflow/dags/welcome_dag.py took 0.079 seconds
